Build started 2/4/2013 12:28:44 PM.
     1>Project "C:\Users\angelo\documents\visual studio 2010\Projects\Chapter8\Chapter8\Chapter8.vcxproj" on node 2 (build target(s)).
     1>InitializeBuildStatus:
         Creating "Debug\Chapter8.unsuccessfulbuild" because "AlwaysCreate" was specified.
       ClCompile:
         c:\Program Files (x86)\Microsoft Visual Studio 10.0\VC\bin\CL.exe /c /ZI /nologo /W3 /WX- /Od /Oy- /D _MBCS /Gm /EHsc /RTC1 /MDd /GS /fp:precise /Zc:wchar_t /Zc:forScope /Fo"Debug\\" /Fd"Debug\vc100.pdb" /Gd /TP /analyze- /errorReport:prompt main.cpp
         main.cpp
     1>c:\users\angelo\documents\visual studio 2010\projects\chapter8\chapter8\main.cpp(75): warning C4101: 'e' : unreferenced local variable
       Link:
         c:\Program Files (x86)\Microsoft Visual Studio 10.0\VC\bin\link.exe /ERRORREPORT:PROMPT /OUT:"C:\Users\angelo\documents\visual studio 2010\Projects\Chapter8\Debug\Chapter8.exe" /NOLOGO kernel32.lib user32.lib gdi32.lib winspool.lib comdlg32.lib advapi32.lib shell32.lib ole32.lib oleaut32.lib uuid.lib odbc32.lib odbccp32.lib /MANIFEST /ManifestFile:"Debug\Chapter8.exe.intermediate.manifest" /MANIFESTUAC:"level='asInvoker' uiAccess='false'" /DEBUG /PDB:"C:\Users\angelo\documents\visual studio 2010\Projects\Chapter8\Debug\Chapter8.pdb" /TLBID:1 /DYNAMICBASE /NXCOMPAT /IMPLIB:"C:\Users\angelo\documents\visual studio 2010\Projects\Chapter8\Debug\Chapter8.lib" /MACHINE:X86 Debug\main.obj
         LINK : C:\Users\angelo\documents\visual studio 2010\Projects\Chapter8\Debug\Chapter8.exe not found or not built by the last incremental link; performing full link
         Chapter8.vcxproj -> C:\Users\angelo\documents\visual studio 2010\Projects\Chapter8\Debug\Chapter8.exe
       Manifest:
         C:\Program Files (x86)\Microsoft SDKs\Windows\v7.0A\bin\mt.exe /nologo /verbose /outputresource:"C:\Users\angelo\documents\visual studio 2010\Projects\Chapter8\Debug\Chapter8.exe;#1" /manifest Debug\Chapter8.exe.intermediate.manifest
       FinalizeBuildStatus:
         Deleting file "Debug\Chapter8.unsuccessfulbuild".
         Touching "Debug\Chapter8.lastbuildstate".
     1>Done Building Project "C:\Users\angelo\documents\visual studio 2010\Projects\Chapter8\Chapter8\Chapter8.vcxproj" (build target(s)).

Build succeeded.

Time Elapsed 00:00:00.61
